<?xml version="1.0" encoding="UTF-8"?>
<testng-results skipped="0" failed="0" ignored="0" total="1" passed="1">
  <reporter-output>
  </reporter-output>
  <suite name="Default suite" duration-ms="75916" started-at="2019-07-16T17:11:12Z" finished-at="2019-07-16T17:12:28Z">
    <groups>
    </groups>
    <test name="Default test" duration-ms="75916" started-at="2019-07-16T17:11:12Z" finished-at="2019-07-16T17:12:28Z">
      <class name="AllTopics.MouseMovement">
        <test-method status="PASS" signature="mousehovering()[pri:0, instance:AllTopics.MouseMovement@32e6e9c3]" name="mousehovering" duration-ms="75790" started-at="2019-07-16T22:41:12Z" finished-at="2019-07-16T22:42:28Z">
          <reporter-output>
          </reporter-output>
        </test-method> <!-- mousehovering -->
      </class> <!-- AllTopics.MouseMovement -->
    </test> <!-- Default test -->
  </suite> <!-- Default suite -->
</testng-results>
