<?xml version="1.0" encoding="UTF-8"?>
<testng-results skipped="0" failed="0" ignored="0" total="1" passed="1">
  <reporter-output>
  </reporter-output>
  <suite name="Default suite" duration-ms="22263" started-at="2019-07-16T17:23:23Z" finished-at="2019-07-16T17:23:45Z">
    <groups>
    </groups>
    <test name="Default test" duration-ms="22263" started-at="2019-07-16T17:23:23Z" finished-at="2019-07-16T17:23:45Z">
      <class name="AllTopics.DragAndDrop">
        <test-method status="PASS" signature="draganddrop()[pri:0, instance:AllTopics.DragAndDrop@32e6e9c3]" name="draganddrop" duration-ms="22198" started-at="2019-07-16T22:53:23Z" finished-at="2019-07-16T22:53:45Z">
          <reporter-output>
          </reporter-output>
        </test-method> <!-- draganddrop -->
      </class> <!-- AllTopics.DragAndDrop -->
    </test> <!-- Default test -->
  </suite> <!-- Default suite -->
</testng-results>
